# JRE version: OpenJDK Runtime Environment Temurin-21.0.5+11 (21.0.5+11) (build 21.0.5+11-LTS)
# Java VM: OpenJDK 64-Bit Server VM Temurin-21.0.5+11 (21.0.5+11-LTS, mixed mode, sharing, tiered, compressed oops, compressed class ptrs, parallel gc, windows-amd64)
GC Precious Log:
 CardTable entry size: 512
 CPUs: 2 total, 2 available
 Memory: 6059M
 Large Page Support: Disabled
 NUMA Support: Disabled
 Compressed Oops: Enabled (32-bit)
 Alignments: Space 512K, Generation 512K, Heap 2M
 Heap Min Capacity: 100M
 Heap Initial Capacity: 100M
 Heap Max Capacity: 1G
 Pre-touch: Disabled
 Parallel Workers: 2
Heap:
 PSYoungGen      total 6656K, used 6352K [0x00000000eab00000, 0x00000000eb580000, 0x0000000100000000)
  eden space 5120K, 100% used [0x00000000eab00000,0x00000000eb000000,0x00000000eb000000)
  from space 1536K, 80% used [0x00000000eb000000,0x00000000eb1340b0,0x00000000eb180000)
  to   space 2560K, 0% used [0x00000000eb300000,0x00000000eb300000,0x00000000eb580000)
 ParOldGen       total 553984K, used 553689K [0x00000000c0000000, 0x00000000e1d00000, 0x00000000eab00000)
  object space 553984K, 99% used [0x00000000c0000000,0x00000000e1cb65a8,0x00000000e1d00000)
 Metaspace       used 75384K, committed 76992K, reserved 1179648K
  class space    used 7798K, committed 8512K, reserved 1048576K
GC Heap History (20 events):
Event: 2992.631 GC heap before
{Heap before GC invocations=2325 (full 5):
 PSYoungGen      total 1024K, used 928K [0x00000000eab00000, 0x00000000eaf80000, 0x0000000100000000)
  eden space 512K, 100% used [0x00000000eab00000,0x00000000eab80000,0x00000000eab80000)
  from space 512K, 81% used [0x00000000eab80000,0x00000000eabe8000,0x00000000eac00000)
  to   space 1536K, 0% used [0x00000000eae00000,0x00000000eae00000,0x00000000eaf80000)
 ParOldGen       total 539136K, used 538746K [0x00000000c0000000, 0x00000000e0e80000, 0x00000000eab00000)
  object space 539136K, 99% used [0x00000000c0000000,0x00000000e0e1e918,0x00000000e0e80000)
 Metaspace       used 75356K, committed 76928K, reserved 1179648K
  class space    used 7795K, committed 8512K, reserved 1048576K
}
Event: 2992.635 GC heap after
{Heap after GC invocations=2325 (full 5):
 PSYoungGen      total 1536K, used 480K [0x00000000eab00000, 0x00000000eae80000, 0x0000000100000000)
  eden space 1024K, 0% used [0x00000000eab00000,0x00000000eab00000,0x00000000eac00000)
  from space 512K, 93% used [0x00000000eae00000,0x00000000eae78000,0x00000000eae80000)
  to   space 1024K, 0% used [0x00000000eac80000,0x00000000eac80000,0x00000000ead80000)
 ParOldGen       total 539648K, used 539138K [0x00000000c0000000, 0x00000000e0f00000, 0x00000000eab00000)
  object space 539648K, 99% used [0x00000000c0000000,0x00000000e0e80918,0x00000000e0f00000)
 Metaspace       used 75356K, committed 76928K, reserved 1179648K
  class space    used 7795K, committed 8512K, reserved 1048576K
}
Event: 2992.643 GC heap before
{Heap before GC invocations=2326 (full 5):
 PSYoungGen      total 1536K, used 1504K [0x00000000eab00000, 0x00000000eae80000, 0x0000000100000000)
  eden space 1024K, 100% used [0x00000000eab00000,0x00000000eac00000,0x00000000eac00000)
  from space 512K, 93% used [0x00000000eae00000,0x00000000eae78000,0x00000000eae80000)
  to   space 1024K, 0% used [0x00000000eac80000,0x00000000eac80000,0x00000000ead80000)
 ParOldGen       total 539648K, used 539138K [0x00000000c0000000, 0x00000000e0f00000, 0x00000000eab00000)
  object space 539648K, 99% used [0x00000000c0000000,0x00000000e0e80918,0x00000000e0f00000)
 Metaspace       used 75360K, committed 76928K, reserved 1179648K
  class space    used 7795K, committed 8512K, reserved 1048576K
}
Event: 2992.647 GC heap after
{Heap after GC invocations=2326 (full 5):
 PSYoungGen      total 2560K, used 320K [0x00000000eab00000, 0x00000000eae80000, 0x0000000100000000)
  eden space 1536K, 0% used [0x00000000eab00000,0x00000000eab00000,0x00000000eac80000)
  from space 1024K, 31% used [0x00000000eac80000,0x00000000eacd0000,0x00000000ead80000)
  to   space 512K, 0% used [0x00000000eae00000,0x00000000eae00000,0x00000000eae80000)
 ParOldGen       total 539648K, used 539618K [0x00000000c0000000, 0x00000000e0f00000, 0x00000000eab00000)
  object space 539648K, 99% used [0x00000000c0000000,0x00000000e0ef8918,0x00000000e0f00000)
 Metaspace       used 75360K, committed 76928K, reserved 1179648K
  class space    used 7795K, committed 8512K, reserved 1048576K
}
Event: 2992.660 GC heap before
{Heap before GC invocations=2327 (full 5):
 PSYoungGen      total 2560K, used 1856K [0x00000000eab00000, 0x00000000eae80000, 0x0000000100000000)
  eden space 1536K, 100% used [0x00000000eab00000,0x00000000eac80000,0x00000000eac80000)
  from space 1024K, 31% used [0x00000000eac80000,0x00000000eacd0000,0x00000000ead80000)
  to   space 512K, 0% used [0x00000000eae00000,0x00000000eae00000,0x00000000eae80000)
 ParOldGen       total 539648K, used 539618K [0x00000000c0000000, 0x00000000e0f00000, 0x00000000eab00000)
  object space 539648K, 99% used [0x00000000c0000000,0x00000000e0ef8918,0x00000000e0f00000)
 Metaspace       used 75362K, committed 76928K, reserved 1179648K
  class space    used 7795K, committed 8512K, reserved 1048576K
}
Event: 2992.663 GC heap after
{Heap after GC invocations=2327 (full 5):
 PSYoungGen      total 2560K, used 32K [0x00000000eab00000, 0x00000000eae80000, 0x0000000100000000)
  eden space 2048K, 0% used [0x00000000eab00000,0x00000000eab00000,0x00000000ead00000)
  from space 512K, 6% used [0x00000000eae00000,0x00000000eae08000,0x00000000eae80000)
  to   space 512K, 0% used [0x00000000ead80000,0x00000000ead80000,0x00000000eae00000)
 ParOldGen       total 540160K, used 539914K [0x00000000c0000000, 0x00000000e0f80000, 0x00000000eab00000)
  object space 540160K, 99% used [0x00000000c0000000,0x00000000e0f42918,0x00000000e0f80000)
 Metaspace       used 75362K, committed 76928K, reserved 1179648K
  class space    used 7795K, committed 8512K, reserved 1048576K
}
Event: 2992.701 GC heap before
{Heap before GC invocations=2328 (full 5):
 PSYoungGen      total 2560K, used 2080K [0x00000000eab00000, 0x00000000eae80000, 0x0000000100000000)
  eden space 2048K, 100% used [0x00000000eab00000,0x00000000ead00000,0x00000000ead00000)
  from space 512K, 6% used [0x00000000eae00000,0x00000000eae08000,0x00000000eae80000)
  to   space 512K, 0% used [0x00000000ead80000,0x00000000ead80000,0x00000000eae00000)
 ParOldGen       total 540160K, used 539914K [0x00000000c0000000, 0x00000000e0f80000, 0x00000000eab00000)
  object space 540160K, 99% used [0x00000000c0000000,0x00000000e0f42918,0x00000000e0f80000)
 Metaspace       used 75363K, committed 76928K, reserved 1179648K
  class space    used 7795K, committed 8512K, reserved 1048576K
}
Event: 2992.707 GC heap after
{Heap after GC invocations=2328 (full 5):
 PSYoungGen      total 3072K, used 416K [0x00000000eab00000, 0x00000000eae80000, 0x0000000100000000)
  eden space 2560K, 0% used [0x00000000eab00000,0x00000000eab00000,0x00000000ead80000)
  from space 512K, 81% used [0x00000000ead80000,0x00000000eade8000,0x00000000eae00000)
  to   space 512K, 0% used [0x00000000eae00000,0x00000000eae00000,0x00000000eae80000)
 ParOldGen       total 540160K, used 539930K [0x00000000c0000000, 0x00000000e0f80000, 0x00000000eab00000)
  object space 540160K, 99% used [0x00000000c0000000,0x00000000e0f46918,0x00000000e0f80000)
 Metaspace       used 75363K, committed 76928K, reserved 1179648K
  class space    used 7795K, committed 8512K, reserved 1048576K
}
Event: 2992.940 GC heap before
{Heap before GC invocations=2329 (full 5):
 PSYoungGen      total 3072K, used 2976K [0x00000000eab00000, 0x00000000eae80000, 0x0000000100000000)
  eden space 2560K, 100% used [0x00000000eab00000,0x00000000ead80000,0x00000000ead80000)
  from space 512K, 81% used [0x00000000ead80000,0x00000000eade8000,0x00000000eae00000)
  to   space 512K, 0% used [0x00000000eae00000,0x00000000eae00000,0x00000000eae80000)
 ParOldGen       total 540160K, used 539930K [0x00000000c0000000, 0x00000000e0f80000, 0x00000000eab00000)
  object space 540160K, 99% used [0x00000000c0000000,0x00000000e0f46918,0x00000000e0f80000)
 Metaspace       used 75368K, committed 76992K, reserved 1179648K
  class space    used 7796K, committed 8512K, reserved 1048576K
}
Event: 2992.948 GC heap after
{Heap after GC invocations=2329 (full 5):
 PSYoungGen      total 3072K, used 416K [0x00000000eab00000, 0x00000000eae80000, 0x0000000100000000)
  eden space 2560K, 0% used [0x00000000eab00000,0x00000000eab00000,0x00000000ead80000)
  from space 512K, 81% used [0x00000000eae00000,0x00000000eae68000,0x00000000eae80000)
  to   space 512K, 0% used [0x00000000ead80000,0x00000000ead80000,0x00000000eae00000)
 ParOldGen       total 541696K, used 541425K [0x00000000c0000000, 0x00000000e1100000, 0x00000000eab00000)
  object space 541696K, 99% used [0x00000000c0000000,0x00000000e10bc5a8,0x00000000e1100000)
 Metaspace       used 75368K, committed 76992K, reserved 1179648K
  class space    used 7796K, committed 8512K, reserved 1048576K
}
Event: 2992.954 GC heap before
{Heap before GC invocations=2330 (full 5):
 PSYoungGen      total 3072K, used 2976K [0x00000000eab00000, 0x00000000eae80000, 0x0000000100000000)
  eden space 2560K, 100% used [0x00000000eab00000,0x00000000ead80000,0x00000000ead80000)
  from space 512K, 81% used [0x00000000eae00000,0x00000000eae68000,0x00000000eae80000)
  to   space 512K, 0% used [0x00000000ead80000,0x00000000ead80000,0x00000000eae00000)
 ParOldGen       total 541696K, used 541425K [0x00000000c0000000, 0x00000000e1100000, 0x00000000eab00000)
  object space 541696K, 99% used [0x00000000c0000000,0x00000000e10bc5a8,0x00000000e1100000)
 Metaspace       used 75368K, committed 76992K, reserved 1179648K
  class space    used 7796K, committed 8512K, reserved 1048576K
}
Event: 2992.961 GC heap after
{Heap after GC invocations=2330 (full 5):
 PSYoungGen      total 3072K, used 512K [0x00000000eab00000, 0x00000000eb500000, 0x0000000100000000)
  eden space 2560K, 0% used [0x00000000eab00000,0x00000000eab00000,0x00000000ead80000)
  from space 512K, 100% used [0x00000000ead80000,0x00000000eae00000,0x00000000eae00000)
  to   space 3584K, 0% used [0x00000000eb180000,0x00000000eb180000,0x00000000eb500000)
 ParOldGen       total 544256K, used 543753K [0x00000000c0000000, 0x00000000e1380000, 0x00000000eab00000)
  object space 544256K, 99% used [0x00000000c0000000,0x00000000e13025a8,0x00000000e1380000)
 Metaspace       used 75368K, committed 76992K, reserved 1179648K
  class space    used 7796K, committed 8512K, reserved 1048576K
}
Event: 2992.972 GC heap before
{Heap before GC invocations=2331 (full 5):
 PSYoungGen      total 3072K, used 3072K [0x00000000eab00000, 0x00000000eb500000, 0x0000000100000000)
  eden space 2560K, 100% used [0x00000000eab00000,0x00000000ead80000,0x00000000ead80000)
  from space 512K, 100% used [0x00000000ead80000,0x00000000eae00000,0x00000000eae00000)
  to   space 3584K, 0% used [0x00000000eb180000,0x00000000eb180000,0x00000000eb500000)
 ParOldGen       total 544256K, used 543753K [0x00000000c0000000, 0x00000000e1380000, 0x00000000eab00000)
  object space 544256K, 99% used [0x00000000c0000000,0x00000000e13025a8,0x00000000e1380000)
 Metaspace       used 75368K, committed 76992K, reserved 1179648K
  class space    used 7796K, committed 8512K, reserved 1048576K
}
Event: 2992.979 GC heap after
{Heap after GC invocations=2331 (full 5):
 PSYoungGen      total 5632K, used 2368K [0x00000000eab00000, 0x00000000eb400000, 0x0000000100000000)
  eden space 3072K, 0% used [0x00000000eab00000,0x00000000eab00000,0x00000000eae00000)
  from space 2560K, 92% used [0x00000000eb180000,0x00000000eb3d0000,0x00000000eb400000)
  to   space 2560K, 0% used [0x00000000eaf00000,0x00000000eaf00000,0x00000000eb180000)
 ParOldGen       total 544768K, used 544273K [0x00000000c0000000, 0x00000000e1400000, 0x00000000eab00000)
  object space 544768K, 99% used [0x00000000c0000000,0x00000000e13845a8,0x00000000e1400000)
 Metaspace       used 75368K, committed 76992K, reserved 1179648K
  class space    used 7796K, committed 8512K, reserved 1048576K
}
Event: 2993.062 GC heap before
{Heap before GC invocations=2332 (full 5):
 PSYoungGen      total 5632K, used 5440K [0x00000000eab00000, 0x00000000eb400000, 0x0000000100000000)
  eden space 3072K, 100% used [0x00000000eab00000,0x00000000eae00000,0x00000000eae00000)
  from space 2560K, 92% used [0x00000000eb180000,0x00000000eb3d0000,0x00000000eb400000)
  to   space 2560K, 0% used [0x00000000eaf00000,0x00000000eaf00000,0x00000000eb180000)
 ParOldGen       total 544768K, used 544273K [0x00000000c0000000, 0x00000000e1400000, 0x00000000eab00000)
  object space 544768K, 99% used [0x00000000c0000000,0x00000000e13845a8,0x00000000e1400000)
 Metaspace       used 75368K, committed 76992K, reserved 1179648K
  class space    used 7796K, committed 8512K, reserved 1048576K
}
Event: 2993.068 GC heap after
{Heap after GC invocations=2332 (full 5):
 PSYoungGen      total 6656K, used 2560K [0x00000000eab00000, 0x00000000ebb00000, 0x0000000100000000)
  eden space 4096K, 0% used [0x00000000eab00000,0x00000000eab00000,0x00000000eaf00000)
  from space 2560K, 100% used [0x00000000eaf00000,0x00000000eb180000,0x00000000eb180000)
  to   space 6144K, 0% used [0x00000000eb500000,0x00000000eb500000,0x00000000ebb00000)
 ParOldGen       total 547328K, used 547001K [0x00000000c0000000, 0x00000000e1680000, 0x00000000eab00000)
  object space 547328K, 99% used [0x00000000c0000000,0x00000000e162e5a8,0x00000000e1680000)
 Metaspace       used 75368K, committed 76992K, reserved 1179648K
  class space    used 7796K, committed 8512K, reserved 1048576K
}
Event: 2993.169 GC heap before
{Heap before GC invocations=2333 (full 5):
 PSYoungGen      total 6656K, used 6656K [0x00000000eab00000, 0x00000000ebb00000, 0x0000000100000000)
  eden space 4096K, 100% used [0x00000000eab00000,0x00000000eaf00000,0x00000000eaf00000)
  from space 2560K, 100% used [0x00000000eaf00000,0x00000000eb180000,0x00000000eb180000)
  to   space 6144K, 0% used [0x00000000eb500000,0x00000000eb500000,0x00000000ebb00000)
 ParOldGen       total 547328K, used 547001K [0x00000000c0000000, 0x00000000e1680000, 0x00000000eab00000)
  object space 547328K, 99% used [0x00000000c0000000,0x00000000e162e5a8,0x00000000e1680000)
 Metaspace       used 75368K, committed 76992K, reserved 1179648K
  class space    used 7796K, committed 8512K, reserved 1048576K
}
Event: 2993.182 GC heap after
{Heap after GC invocations=2333 (full 5):
 PSYoungGen      total 9216K, used 4096K [0x00000000eab00000, 0x00000000eb900000, 0x0000000100000000)
  eden space 5120K, 0% used [0x00000000eab00000,0x00000000eab00000,0x00000000eb000000)
  from space 4096K, 100% used [0x00000000eb500000,0x00000000eb900000,0x00000000eb900000)
  to   space 4608K, 0% used [0x00000000eb000000,0x00000000eb000000,0x00000000eb480000)
 ParOldGen       total 549888K, used 549585K [0x00000000c0000000, 0x00000000e1900000, 0x00000000eab00000)
  object space 549888K, 99% used [0x00000000c0000000,0x00000000e18b45a8,0x00000000e1900000)
 Metaspace       used 75368K, committed 76992K, reserved 1179648K
  class space    used 7796K, committed 8512K, reserved 1048576K
}
Event: 2993.795 GC heap before
{Heap before GC invocations=2334 (full 5):
 PSYoungGen      total 9216K, used 9213K [0x00000000eab00000, 0x00000000eb900000, 0x0000000100000000)
  eden space 5120K, 99% used [0x00000000eab00000,0x00000000eafff458,0x00000000eb000000)
  from space 4096K, 100% used [0x00000000eb500000,0x00000000eb900000,0x00000000eb900000)
  to   space 4608K, 0% used [0x00000000eb000000,0x00000000eb000000,0x00000000eb480000)
 ParOldGen       total 549888K, used 549585K [0x00000000c0000000, 0x00000000e1900000, 0x00000000eab00000)
  object space 549888K, 99% used [0x00000000c0000000,0x00000000e18b45a8,0x00000000e1900000)
 Metaspace       used 75381K, committed 76992K, reserved 1179648K
  class space    used 7798K, committed 8512K, reserved 1048576K
}
Event: 2993.806 GC heap after
{Heap after GC invocations=2334 (full 5):
 PSYoungGen      total 6656K, used 1232K [0x00000000eab00000, 0x00000000eb580000, 0x0000000100000000)
  eden space 5120K, 0% used [0x00000000eab00000,0x00000000eab00000,0x00000000eb000000)
  from space 1536K, 80% used [0x00000000eb000000,0x00000000eb1340b0,0x00000000eb180000)
  to   space 2560K, 0% used [0x00000000eb300000,0x00000000eb300000,0x00000000eb580000)
 ParOldGen       total 553984K, used 553689K [0x00000000c0000000, 0x00000000e1d00000, 0x00000000eab00000)
  object space 553984K, 99% used [0x00000000c0000000,0x00000000e1cb65a8,0x00000000e1d00000)
 Metaspace       used 75381K, committed 76992K, reserved 1179648K
  class space    used 7798K, committed 8512K, reserved 1048576K
}

